<?xml version="1.0" encoding="utf-8"?>
<TestRun id="f403a1c5-ab20-459d-99e7-cd692361200d" name="M.S.I@SINHTHANH 2022-04-23 21:58:10" runUser="SINHTHANH\M.S.I" xmlns="http://microsoft.com/schemas/VisualStudio/TeamTest/2010">
  <Times creation="2022-04-23T21:58:10.7069777+07:00" queuing="2022-04-23T21:58:10.7069801+07:00" start="2022-04-23T21:58:05.4673824+07:00" finish="2022-04-23T21:58:11.2205351+07:00" />
  <TestSettings name="default" id="e049cb5c-2d3f-44ec-b7c6-715a8b89d369">
    <Deployment runDeploymentRoot="M.S.I_SINHTHANH_2022-04-23_21_58_10" />
  </TestSettings>
  <Results>
    <UnitTestResult executionId="ffefd667-8a4c-458b-9a48-b75df6c50d13" testId="61aeaf03-27e0-b3ab-c7f7-7de30ea582c6" testName="EnrichAutoTest.AutomationTest.Testcase1(testId: &quot;2&quot;, listCommand: [On0, On1])" computerName="SINHTHANH" duration="00:00:00.0010000" startTime="2022-04-23T21:58:10.6382285+07:00" endTime="2022-04-23T21:58:10.6382285+07:00" testType="13cdc9d9-ddb5-4fa4-a97d-d965ccfc6d4b" outcome="Passed" testListId="8c84fa94-04c1-424b-9868-57a2d4851a1d" relativeResultsDirectory="ffefd667-8a4c-458b-9a48-b75df6c50d13" />
    <UnitTestResult executionId="c1003749-85ab-4376-b899-a15be4ffc88c" testId="08600dac-bd06-ee56-4013-232720300ca9" testName="EnrichAutoTest.UnitTest1.Test" computerName="SINHTHANH" duration="00:00:00.4330000" startTime="2022-04-23T21:58:11.0670802+07:00" endTime="2022-04-23T21:58:11.0670802+07:00" testType="13cdc9d9-ddb5-4fa4-a97d-d965ccfc6d4b" outcome="Passed" testListId="8c84fa94-04c1-424b-9868-57a2d4851a1d" relativeResultsDirectory="c1003749-85ab-4376-b899-a15be4ffc88c" />
    <UnitTestResult executionId="f6f9e610-4a48-4bfe-afa5-8b1c56147406" testId="61aeaf03-27e0-b3ab-c7f7-7de30ea582c6" testName="EnrichAutoTest.AutomationTest.Testcase1(testId: &quot;1&quot;, listCommand: [On1, Off1, On0])" computerName="SINHTHANH" duration="00:00:00.1800000" startTime="2022-04-23T21:58:10.6322427+07:00" endTime="2022-04-23T21:58:10.6322427+07:00" testType="13cdc9d9-ddb5-4fa4-a97d-d965ccfc6d4b" outcome="Passed" testListId="8c84fa94-04c1-424b-9868-57a2d4851a1d" relativeResultsDirectory="f6f9e610-4a48-4bfe-afa5-8b1c56147406" />
  </Results>
  <TestDefinitions>
    <UnitTest name="EnrichAutoTest.AutomationTest.Testcase1" storage="d:\workoffice\c#\enrichautotest\bin\debug\net48\enrichautotest.dll" id="61aeaf03-27e0-b3ab-c7f7-7de30ea582c6">
      <Execution id="f6f9e610-4a48-4bfe-afa5-8b1c56147406" />
      <TestMethod codeBase="D:\WorkOffice\C#\EnrichAutoTest\bin\Debug\net48\EnrichAutoTest.dll" adapterTypeName="executor://xunit/VsTestRunner2/net" className="EnrichAutoTest.AutomationTest" name="Testcase1" />
    </UnitTest>
    <UnitTest name="EnrichAutoTest.UnitTest1.Test" storage="d:\workoffice\c#\enrichautotest\bin\debug\net48\enrichautotest.dll" id="08600dac-bd06-ee56-4013-232720300ca9">
      <Execution id="c1003749-85ab-4376-b899-a15be4ffc88c" />
      <TestMethod codeBase="D:\WorkOffice\C#\EnrichAutoTest\bin\Debug\net48\EnrichAutoTest.dll" adapterTypeName="executor://xunit/VsTestRunner2/net" className="EnrichAutoTest.UnitTest1" name="Test" />
    </UnitTest>
  </TestDefinitions>
  <TestEntries>
    <TestEntry testId="61aeaf03-27e0-b3ab-c7f7-7de30ea582c6" executionId="ffefd667-8a4c-458b-9a48-b75df6c50d13" testListId="8c84fa94-04c1-424b-9868-57a2d4851a1d" />
    <TestEntry testId="08600dac-bd06-ee56-4013-232720300ca9" executionId="c1003749-85ab-4376-b899-a15be4ffc88c" testListId="8c84fa94-04c1-424b-9868-57a2d4851a1d" />
    <TestEntry testId="61aeaf03-27e0-b3ab-c7f7-7de30ea582c6" executionId="f6f9e610-4a48-4bfe-afa5-8b1c56147406" testListId="8c84fa94-04c1-424b-9868-57a2d4851a1d" />
  </TestEntries>
  <TestLists>
    <TestList name="Results Not in a List" id="8c84fa94-04c1-424b-9868-57a2d4851a1d" />
    <TestList name="All Loaded Results" id="19431567-8539-422a-85d7-44ee4e166bda" />
  </TestLists>
  <ResultSummary outcome="Completed">
    <Counters total="3" executed="3" passed="3" failed="0" error="0" timeout="0" aborted="0" inconclusive="0" passedButRunAborted="0" notRunnable="0" notExecuted="0" disconnected="0" warning="0" completed="0" inProgress="0" pending="0" />
    <Output>
      <StdOut>[xUnit.net 00:00:00.00] xUnit.net VSTest Adapter v2.4.3+1b45f5407b (32-bit Desktop .NET 4.0.30319.42000)&#xD;
[xUnit.net 00:00:01.31]   Discovering: EnrichAutoTest (app domain = on [shadow copy], method display = ClassAndMethod, method display options = None)&#xD;
[xUnit.net 00:00:01.49]   Discovered:  EnrichAutoTest (found 2 test cases)&#xD;
[xUnit.net 00:00:01.49]   Starting:    EnrichAutoTest (parallel test collections = off, max threads = 1)&#xD;
[xUnit.net 00:00:03.79]   Finished:    EnrichAutoTest&#xD;
</StdOut>
    </Output>
  </ResultSummary>
</TestRun>